2019-05-02 11:29:01 DEBUG StandardEnvironment:109 - Adding [systemProperties] PropertySource with lowest search precedence
2019-05-02 11:29:01 DEBUG StandardEnvironment:109 - Adding [systemEnvironment] PropertySource with lowest search precedence
2019-05-02 11:29:01 DEBUG StandardEnvironment:124 - Initialized StandardEnvironment with PropertySources [systemProperties,systemEnvironment]
2019-05-02 11:29:01 INFO  ClassPathXmlApplicationContext:583 - Refreshing org.springframework.context.support.ClassPathXmlApplicationContext@442d9b6e: startup date [Thu May 02 11:29:01 EDT 2019]; root of context hierarchy
2019-05-02 11:29:01 DEBUG StandardEnvironment:109 - Adding [systemProperties] PropertySource with lowest search precedence
2019-05-02 11:29:01 DEBUG StandardEnvironment:109 - Adding [systemEnvironment] PropertySource with lowest search precedence
2019-05-02 11:29:01 DEBUG StandardEnvironment:124 - Initialized StandardEnvironment with PropertySources [systemProperties,systemEnvironment]
2019-05-02 11:29:01 INFO  XmlBeanDefinitionReader:317 - Loading XML bean definitions from class path resource [applicationContext.xml]
2019-05-02 11:29:01 DEBUG DefaultDocumentLoader:73 - Using JAXP provider [com.sun.org.apache.xerces.internal.jaxp.DocumentBuilderFactoryImpl]
2019-05-02 11:29:01 TRACE PluggableSchemaResolver:106 - Trying to resolve XML entity with public id [null] and system id [http://www.springframework.org/schema/beans/spring-beans.xsd]
2019-05-02 11:29:01 DEBUG PluggableSchemaResolver:141 - Loading schema mappings from [META-INF/spring.schemas]
2019-05-02 11:29:01 DEBUG PluggableSchemaResolver:147 - Loaded schema mappings: {http://www.springframework.org/schema/tx/spring-tx-4.3.xsd=org/springframework/transaction/config/spring-tx-4.3.xsd, http://www.springframework.org/schema/tx/spring-tx-2.5.xsd=org/springframework/transaction/config/spring-tx-2.5.xsd, http://www.springframework.org/schema/cache/spring-cache-4.2.xsd=org/springframework/cache/config/spring-cache-4.2.xsd, http://www.springframework.org/schema/aop/spring-aop-4.1.xsd=org/springframework/aop/config/spring-aop-4.1.xsd, http://www.springframework.org/schema/context/spring-context-3.1.xsd=org/springframework/context/config/spring-context-3.1.xsd, http://www.springframework.org/schema/jdbc/spring-jdbc-4.1.xsd=org/springframework/jdbc/config/spring-jdbc-4.1.xsd, http://www.springframework.org/schema/mvc/spring-mvc-4.1.xsd=org/springframework/web/servlet/config/spring-mvc-4.1.xsd, http://www.springframework.org/schema/util/spring-util-3.0.xsd=org/springframework/beans/factory/xml/spring-util-3.0.xsd, http://www.springframework.org/schema/tool/spring-tool.xsd=org/springframework/beans/factory/xml/spring-tool-4.3.xsd, http://www.springframework.org/schema/aop/spring-aop-3.2.xsd=org/springframework/aop/config/spring-aop-3.2.xsd, http://www.springframework.org/schema/lang/spring-lang-4.1.xsd=org/springframework/scripting/config/spring-lang-4.1.xsd, http://www.springframework.org/schema/context/spring-context-4.0.xsd=org/springframework/context/config/spring-context-4.0.xsd, http://www.springframework.org/schema/mvc/spring-mvc-3.2.xsd=org/springframework/web/servlet/config/spring-mvc-3.2.xsd, http://www.springframework.org/schema/beans/spring-beans-4.2.xsd=org/springframework/beans/factory/xml/spring-beans-4.2.xsd, http://www.springframework.org/schema/tool/spring-tool-4.1.xsd=org/springframework/beans/factory/xml/spring-tool-4.1.xsd, http://www.springframework.org/schema/lang/spring-lang-3.2.xsd=org/springframework/scripting/config/spring-lang-3.2.xsd, http://www.springframework.org/schema/cache/spring-cache-3.2.xsd=org/springframework/cache/config/spring-cache-3.2.xsd, http://www.springframework.org/schema/jee/spring-jee-4.1.xsd=org/springframework/ejb/config/spring-jee-4.1.xsd, http://www.springframework.org/schema/jdbc/spring-jdbc-3.1.xsd=org/springframework/jdbc/config/spring-jdbc-3.1.xsd, http://www.springframework.org/schema/util/spring-util-2.0.xsd=org/springframework/beans/factory/xml/spring-util-2.0.xsd, http://www.springframework.org/schema/task/spring-task-4.2.xsd=org/springframework/scheduling/config/spring-task-4.2.xsd, http://www.springframework.org/schema/tool/spring-tool-3.2.xsd=org/springframework/beans/factory/xml/spring-tool-3.2.xsd, http://www.springframework.org/schema/context/spring-context.xsd=org/springframework/context/config/spring-context-4.3.xsd, http://www.springframework.org/schema/tx/spring-tx-4.2.xsd=org/springframework/transaction/config/spring-tx-4.2.xsd, http://www.springframework.org/schema/cache/spring-cache-4.1.xsd=org/springframework/cache/config/spring-cache-4.1.xsd, http://www.springframework.org/schema/aop/spring-aop-4.0.xsd=org/springframework/aop/config/spring-aop-4.0.xsd, http://www.springframework.org/schema/jee/spring-jee-3.2.xsd=org/springframework/ejb/config/spring-jee-3.2.xsd, http://www.springframework.org/schema/context/spring-context-3.0.xsd=org/springframework/context/config/spring-context-3.0.xsd, http://www.springframework.org/schema/jdbc/spring-jdbc-4.0.xsd=org/springframework/jdbc/config/spring-jdbc-4.0.xsd, http://www.springframework.org/schema/mvc/spring-mvc-4.0.xsd=org/springframework/web/servlet/config/spring-mvc-4.0.xsd, http://www.springframework.org/schema/util/spring-util-4.3.xsd=org/springframework/beans/factory/xml/spring-util-4.3.xsd, http://www.springframework.org/schema/util/spring-util-2.5.xsd=org/springframework/beans/factory/xml/spring-util-2.5.xsd, http://www.springframework.org/schema/beans/spring-beans-3.2.xsd=org/springframework/beans/factory/xml/spring-beans-3.2.xsd, http://www.springframework.org/schema/aop/spring-aop-3.1.xsd=org/springframework/aop/config/spring-aop-3.1.xsd, http://www.springframework.org/schema/lang/spring-lang-4.0.xsd=org/springframework/scripting/config/spring-lang-4.0.xsd, http://www.springframework.org/schema/mvc/spring-mvc.xsd=org/springframework/web/servlet/config/spring-mvc-4.3.xsd, http://www.springframework.org/schema/mvc/spring-mvc-3.1.xsd=org/springframework/web/servlet/config/spring-mvc-3.1.xsd, http://www.springframework.org/schema/beans/spring-beans-4.1.xsd=org/springframework/beans/factory/xml/spring-beans-4.1.xsd, http://www.springframework.org/schema/tool/spring-tool-4.0.xsd=org/springframework/beans/factory/xml/spring-tool-4.0.xsd, http://www.springframework.org/schema/tx/spring-tx-3.2.xsd=org/springframework/transaction/config/spring-tx-3.2.xsd, http://www.springframework.org/schema/lang/spring-lang-3.1.xsd=org/springframework/scripting/config/spring-lang-3.1.xsd, http://www.springframework.org/schema/cache/spring-cache-3.1.xsd=org/springframework/cache/config/spring-cache-3.1.xsd, http://www.springframework.org/schema/jee/spring-jee-4.0.xsd=org/springframework/ejb/config/spring-jee-4.0.xsd, http://www.springframework.org/schema/jdbc/spring-jdbc-3.0.xsd=org/springframework/jdbc/config/spring-jdbc-3.0.xsd, http://www.springframework.org/schema/task/spring-task-4.1.xsd=org/springframework/scheduling/config/spring-task-4.1.xsd, http://www.springframework.org/schema/jdbc/spring-jdbc.xsd=org/springframework/jdbc/config/spring-jdbc-4.3.xsd, http://www.springframework.org/schema/tool/spring-tool-3.1.xsd=org/springframework/beans/factory/xml/spring-tool-3.1.xsd, http://www.springframework.org/schema/tx/spring-tx-4.1.xsd=org/springframework/transaction/config/spring-tx-4.1.xsd, http://www.springframework.org/schema/cache/spring-cache-4.0.xsd=org/springframework/cache/config/spring-cache-4.0.xsd, http://www.springframework.org/schema/jee/spring-jee-3.1.xsd=org/springframework/ejb/config/spring-jee-3.1.xsd, http://www.springframework.org/schema/util/spring-util-4.2.xsd=org/springframework/beans/factory/xml/spring-util-4.2.xsd, http://www.springframework.org/schema/task/spring-task-3.2.xsd=org/springframework/scheduling/config/spring-task-3.2.xsd, http://www.springframework.org/schema/beans/spring-beans-3.1.xsd=org/springframework/beans/factory/xml/spring-beans-3.1.xsd, http://www.springframework.org/schema/util/spring-util.xsd=org/springframework/beans/factory/xml/spring-util-4.3.xsd, http://www.springframework.org/schema/aop/spring-aop-3.0.xsd=org/springframework/aop/config/spring-aop-3.0.xsd, http://www.springframework.org/schema/mvc/spring-mvc-3.0.xsd=org/springframework/web/servlet/config/spring-mvc-3.0.xsd, http://www.springframework.org/schema/beans/spring-beans-4.0.xsd=org/springframework/beans/factory/xml/spring-beans-4.0.xsd, http://www.springframework.org/schema/beans/spring-beans.xsd=org/springframework/beans/factory/xml/spring-beans-4.3.xsd, http://www.springframework.org/schema/tx/spring-tx-3.1.xsd=org/springframework/transaction/config/spring-tx-3.1.xsd, http://www.springframework.org/schema/lang/spring-lang-3.0.xsd=org/springframework/scripting/config/spring-lang-3.0.xsd, http://www.springframework.org/schema/context/spring-context-2.5.xsd=org/springframework/context/config/spring-context-2.5.xsd, http://www.springframework.org/schema/context/spring-context-4.3.xsd=org/springframework/context/config/spring-context-4.3.xsd, http://www.springframework.org/schema/task/spring-task-4.0.xsd=org/springframework/scheduling/config/spring-task-4.0.xsd, http://www.springframework.org/schema/tool/spring-tool-3.0.xsd=org/springframework/beans/factory/xml/spring-tool-3.0.xsd, http://www.springframework.org/schema/tx/spring-tx-4.0.xsd=org/springframework/transaction/config/spring-tx-4.0.xsd, http://www.springframework.org/schema/aop/spring-aop-2.0.xsd=org/springframework/aop/config/spring-aop-2.0.xsd, http://www.springframework.org/schema/jee/spring-jee-3.0.xsd=org/springframework/ejb/config/spring-jee-3.0.xsd, http://www.springframework.org/schema/util/spring-util-4.1.xsd=org/springframework/beans/factory/xml/spring-util-4.1.xsd, http://www.springframework.org/schema/task/spring-task-3.1.xsd=org/springframework/scheduling/config/spring-task-3.1.xsd, http://www.springframework.org/schema/beans/spring-beans-3.0.xsd=org/springframework/beans/factory/xml/spring-beans-3.0.xsd, http://www.springframework.org/schema/jee/spring-jee.xsd=org/springframework/ejb/config/spring-jee-4.3.xsd, http://www.springframework.org/schema/aop/spring-aop-2.5.xsd=org/springframework/aop/config/spring-aop-2.5.xsd, http://www.springframework.org/schema/aop/spring-aop-4.3.xsd=org/springframework/aop/config/spring-aop-4.3.xsd, http://www.springframework.org/schema/lang/spring-lang-2.0.xsd=org/springframework/scripting/config/spring-lang-2.0.xsd, http://www.springframework.org/schema/jdbc/spring-jdbc-4.3.xsd=org/springframework/jdbc/config/spring-jdbc-4.3.xsd, http://www.springframework.org/schema/mvc/spring-mvc-4.3.xsd=org/springframework/web/servlet/config/spring-mvc-4.3.xsd, http://www.springframework.org/schema/util/spring-util-3.2.xsd=org/springframework/beans/factory/xml/spring-util-3.2.xsd, http://www.springframework.org/schema/task/spring-task.xsd=org/springframework/scheduling/config/spring-task-4.3.xsd, http://www.springframework.org/schema/tool/spring-tool-2.0.xsd=org/springframework/beans/factory/xml/spring-tool-2.0.xsd, http://www.springframework.org/schema/tx/spring-tx-3.0.xsd=org/springframework/transaction/config/spring-tx-3.0.xsd, http://www.springframework.org/schema/lang/spring-lang-2.5.xsd=org/springframework/scripting/config/spring-lang-2.5.xsd, http://www.springframework.org/schema/lang/spring-lang-4.3.xsd=org/springframework/scripting/config/spring-lang-4.3.xsd, http://www.springframework.org/schema/context/spring-context-4.2.xsd=org/springframework/context/config/spring-context-4.2.xsd, http://www.springframework.org/schema/jee/spring-jee-2.0.xsd=org/springframework/ejb/config/spring-jee-2.0.xsd, http://www.springframework.org/schema/tool/spring-tool-4.3.xsd=org/springframework/beans/factory/xml/spring-tool-4.3.xsd, http://www.springframework.org/schema/tool/spring-tool-2.5.xsd=org/springframework/beans/factory/xml/spring-tool-2.5.xsd, http://www.springframework.org/schema/jee/spring-jee-4.3.xsd=org/springframework/ejb/config/spring-jee-4.3.xsd, http://www.springframework.org/schema/jee/spring-jee-2.5.xsd=org/springframework/ejb/config/spring-jee-2.5.xsd, http://www.springframework.org/schema/util/spring-util-4.0.xsd=org/springframework/beans/factory/xml/spring-util-4.0.xsd, http://www.springframework.org/schema/task/spring-task-3.0.xsd=org/springframework/scheduling/config/spring-task-3.0.xsd, http://www.springframework.org/schema/cache/spring-cache-4.3.xsd=org/springframework/cache/config/spring-cache-4.3.xsd, http://www.springframework.org/schema/aop/spring-aop-4.2.xsd=org/springframework/aop/config/spring-aop-4.2.xsd, http://www.springframework.org/schema/lang/spring-lang.xsd=org/springframework/scripting/config/spring-lang-4.3.xsd, http://www.springframework.org/schema/context/spring-context-3.2.xsd=org/springframework/context/config/spring-context-3.2.xsd, http://www.springframework.org/schema/jdbc/spring-jdbc-4.2.xsd=org/springframework/jdbc/config/spring-jdbc-4.2.xsd, http://www.springframework.org/schema/mvc/spring-mvc-4.2.xsd=org/springframework/web/servlet/config/spring-mvc-4.2.xsd, http://www.springframework.org/schema/util/spring-util-3.1.xsd=org/springframework/beans/factory/xml/spring-util-3.1.xsd, http://www.springframework.org/schema/beans/spring-beans-2.0.xsd=org/springframework/beans/factory/xml/spring-beans-2.0.xsd, http://www.springframework.org/schema/cache/spring-cache.xsd=org/springframework/cache/config/spring-cache-4.3.xsd, http://www.springframework.org/schema/tx/spring-tx.xsd=org/springframework/transaction/config/spring-tx-4.3.xsd, http://www.springframework.org/schema/lang/spring-lang-4.2.xsd=org/springframework/scripting/config/spring-lang-4.2.xsd, http://www.springframework.org/schema/context/spring-context-4.1.xsd=org/springframework/context/config/spring-context-4.1.xsd, http://www.springframework.org/schema/beans/spring-beans-2.5.xsd=org/springframework/beans/factory/xml/spring-beans-2.5.xsd, http://www.springframework.org/schema/beans/spring-beans-4.3.xsd=org/springframework/beans/factory/xml/spring-beans-4.3.xsd, http://www.springframework.org/schema/tool/spring-tool-4.2.xsd=org/springframework/beans/factory/xml/spring-tool-4.2.xsd, http://www.springframework.org/schema/tx/spring-tx-2.0.xsd=org/springframework/transaction/config/spring-tx-2.0.xsd, http://www.springframework.org/schema/jee/spring-jee-4.2.xsd=org/springframework/ejb/config/spring-jee-4.2.xsd, http://www.springframework.org/schema/jdbc/spring-jdbc-3.2.xsd=org/springframework/jdbc/config/spring-jdbc-3.2.xsd, http://www.springframework.org/schema/task/spring-task-4.3.xsd=org/springframework/scheduling/config/spring-task-4.3.xsd, http://www.springframework.org/schema/aop/spring-aop.xsd=org/springframework/aop/config/spring-aop-4.3.xsd}
2019-05-02 11:29:01 DEBUG PluggableSchemaResolver:119 - Found XML schema [http://www.springframework.org/schema/beans/spring-beans.xsd] in classpath: org/springframework/beans/factory/xml/spring-beans-4.3.xsd
2019-05-02 11:29:01 TRACE PluggableSchemaResolver:106 - Trying to resolve XML entity with public id [null] and system id [http://www.springframework.org/schema/context/spring-context.xsd]
2019-05-02 11:29:01 DEBUG PluggableSchemaResolver:119 - Found XML schema [http://www.springframework.org/schema/context/spring-context.xsd] in classpath: org/springframework/context/config/spring-context-4.3.xsd
2019-05-02 11:29:01 TRACE PluggableSchemaResolver:106 - Trying to resolve XML entity with public id [null] and system id [http://www.springframework.org/schema/tool/spring-tool-4.3.xsd]
2019-05-02 11:29:01 DEBUG PluggableSchemaResolver:119 - Found XML schema [http://www.springframework.org/schema/tool/spring-tool-4.3.xsd] in classpath: org/springframework/beans/factory/xml/spring-tool-4.3.xsd
2019-05-02 11:29:01 TRACE PluggableSchemaResolver:106 - Trying to resolve XML entity with public id [null] and system id [http://www.springframework.org/schema/tx/spring-tx.xsd]
2019-05-02 11:29:01 DEBUG PluggableSchemaResolver:119 - Found XML schema [http://www.springframework.org/schema/tx/spring-tx.xsd] in classpath: org/springframework/transaction/config/spring-tx-4.3.xsd
2019-05-02 11:29:01 DEBUG DefaultBeanDefinitionDocumentReader:92 - Loading bean definitions
2019-05-02 11:29:01 DEBUG DefaultNamespaceHandlerResolver:157 - Loaded NamespaceHandler mappings: {http://www.springframework.org/schema/p=org.springframework.beans.factory.xml.SimplePropertyNamespaceHandler, http://www.springframework.org/schema/mvc=org.springframework.web.servlet.config.MvcNamespaceHandler, http://www.springframework.org/schema/util=org.springframework.beans.factory.xml.UtilNamespaceHandler, http://www.springframework.org/schema/jee=org.springframework.ejb.config.JeeNamespaceHandler, http://www.springframework.org/schema/aop=org.springframework.aop.config.AopNamespaceHandler, http://www.springframework.org/schema/jdbc=org.springframework.jdbc.config.JdbcNamespaceHandler, http://www.springframework.org/schema/cache=org.springframework.cache.config.CacheNamespaceHandler, http://www.springframework.org/schema/c=org.springframework.beans.factory.xml.SimpleConstructorNamespaceHandler, http://www.springframework.org/schema/tx=org.springframework.transaction.config.TxNamespaceHandler, http://www.springframework.org/schema/task=org.springframework.scheduling.config.TaskNamespaceHandler, http://www.springframework.org/schema/lang=org.springframework.scripting.config.LangNamespaceHandler, http://www.springframework.org/schema/context=org.springframework.context.config.ContextNamespaceHandler}
2019-05-02 11:29:01 DEBUG PathMatchingResourcePatternResolver:318 - Resolved classpath location [com/revature/repository/] to resources [URL [file:/C:/Users/mattc/eclipse-workspace/Project2MovieAPI/target/classes/com/revature/repository/]]
2019-05-02 11:29:01 DEBUG PathMatchingResourcePatternResolver:713 - Looking for matching resources in directory tree [C:\Users\mattc\eclipse-workspace\Project2MovieAPI\target\classes\com\revature\repository]
2019-05-02 11:29:01 DEBUG PathMatchingResourcePatternResolver:775 - Searching directory [C:\Users\mattc\eclipse-workspace\Project2MovieAPI\target\classes\com\revature\repository] for files matching pattern [C:/Users/mattc/eclipse-workspace/Project2MovieAPI/target/classes/com/revature/repository/**/*.class]
2019-05-02 11:29:01 DEBUG PathMatchingResourcePatternResolver:482 - Resolved location pattern [classpath*:com/revature/repository/**/*.class] to resources [file [C:\Users\mattc\eclipse-workspace\Project2MovieAPI\target\classes\com\revature\repository\MovieRepository.class], file [C:\Users\mattc\eclipse-workspace\Project2MovieAPI\target\classes\com\revature\repository\MovieRepositoryHibernate.class], file [C:\Users\mattc\eclipse-workspace\Project2MovieAPI\target\classes\com\revature\repository\UserRepository.class], file [C:\Users\mattc\eclipse-workspace\Project2MovieAPI\target\classes\com\revature\repository\UserRepositoryHibernate.class]]
2019-05-02 11:29:01 TRACE ClassPathBeanDefinitionScanner:283 - Scanning file [C:\Users\mattc\eclipse-workspace\Project2MovieAPI\target\classes\com\revature\repository\MovieRepository.class]
2019-05-02 11:29:01 TRACE ClassPathBeanDefinitionScanner:306 - Ignored because not matching any filter: file [C:\Users\mattc\eclipse-workspace\Project2MovieAPI\target\classes\com\revature\repository\MovieRepository.class]
2019-05-02 11:29:01 TRACE ClassPathBeanDefinitionScanner:283 - Scanning file [C:\Users\mattc\eclipse-workspace\Project2MovieAPI\target\classes\com\revature\repository\MovieRepositoryHibernate.class]
2019-05-02 11:29:01 DEBUG ClassPathBeanDefinitionScanner:294 - Identified candidate component class: file [C:\Users\mattc\eclipse-workspace\Project2MovieAPI\target\classes\com\revature\repository\MovieRepositoryHibernate.class]
2019-05-02 11:29:01 TRACE ClassPathBeanDefinitionScanner:283 - Scanning file [C:\Users\mattc\eclipse-workspace\Project2MovieAPI\target\classes\com\revature\repository\UserRepository.class]
2019-05-02 11:29:01 TRACE ClassPathBeanDefinitionScanner:306 - Ignored because not matching any filter: file [C:\Users\mattc\eclipse-workspace\Project2MovieAPI\target\classes\com\revature\repository\UserRepository.class]
2019-05-02 11:29:01 TRACE ClassPathBeanDefinitionScanner:283 - Scanning file [C:\Users\mattc\eclipse-workspace\Project2MovieAPI\target\classes\com\revature\repository\UserRepositoryHibernate.class]
2019-05-02 11:29:01 DEBUG ClassPathBeanDefinitionScanner:294 - Identified candidate component class: file [C:\Users\mattc\eclipse-workspace\Project2MovieAPI\target\classes\com\revature\repository\UserRepositoryHibernate.class]
2019-05-02 11:29:01 DEBUG PathMatchingResourcePatternResolver:318 - Resolved classpath location [com/revature/service/] to resources [URL [file:/C:/Users/mattc/eclipse-workspace/Project2MovieAPI/target/classes/com/revature/service/]]
2019-05-02 11:29:01 DEBUG PathMatchingResourcePatternResolver:713 - Looking for matching resources in directory tree [C:\Users\mattc\eclipse-workspace\Project2MovieAPI\target\classes\com\revature\service]
2019-05-02 11:29:01 DEBUG PathMatchingResourcePatternResolver:775 - Searching directory [C:\Users\mattc\eclipse-workspace\Project2MovieAPI\target\classes\com\revature\service] for files matching pattern [C:/Users/mattc/eclipse-workspace/Project2MovieAPI/target/classes/com/revature/service/**/*.class]
2019-05-02 11:29:01 DEBUG PathMatchingResourcePatternResolver:482 - Resolved location pattern [classpath*:com/revature/service/**/*.class] to resources [file [C:\Users\mattc\eclipse-workspace\Project2MovieAPI\target\classes\com\revature\service\MovieService.class], file [C:\Users\mattc\eclipse-workspace\Project2MovieAPI\target\classes\com\revature\service\MovieServiceAlpha.class], file [C:\Users\mattc\eclipse-workspace\Project2MovieAPI\target\classes\com\revature\service\UserService.class], file [C:\Users\mattc\eclipse-workspace\Project2MovieAPI\target\classes\com\revature\service\UserServiceAlpha.class]]
2019-05-02 11:29:01 TRACE ClassPathBeanDefinitionScanner:283 - Scanning file [C:\Users\mattc\eclipse-workspace\Project2MovieAPI\target\classes\com\revature\service\MovieService.class]
2019-05-02 11:29:01 TRACE ClassPathBeanDefinitionScanner:306 - Ignored because not matching any filter: file [C:\Users\mattc\eclipse-workspace\Project2MovieAPI\target\classes\com\revature\service\MovieService.class]
2019-05-02 11:29:01 TRACE ClassPathBeanDefinitionScanner:283 - Scanning file [C:\Users\mattc\eclipse-workspace\Project2MovieAPI\target\classes\com\revature\service\MovieServiceAlpha.class]
2019-05-02 11:29:01 TRACE ClassPathBeanDefinitionScanner:306 - Ignored because not matching any filter: file [C:\Users\mattc\eclipse-workspace\Project2MovieAPI\target\classes\com\revature\service\MovieServiceAlpha.class]
2019-05-02 11:29:01 TRACE ClassPathBeanDefinitionScanner:283 - Scanning file [C:\Users\mattc\eclipse-workspace\Project2MovieAPI\target\classes\com\revature\service\UserService.class]
2019-05-02 11:29:01 TRACE ClassPathBeanDefinitionScanner:306 - Ignored because not matching any filter: file [C:\Users\mattc\eclipse-workspace\Project2MovieAPI\target\classes\com\revature\service\UserService.class]
2019-05-02 11:29:01 TRACE ClassPathBeanDefinitionScanner:283 - Scanning file [C:\Users\mattc\eclipse-workspace\Project2MovieAPI\target\classes\com\revature\service\UserServiceAlpha.class]
2019-05-02 11:29:01 TRACE ClassPathBeanDefinitionScanner:306 - Ignored because not matching any filter: file [C:\Users\mattc\eclipse-workspace\Project2MovieAPI\target\classes\com\revature\service\UserServiceAlpha.class]
2019-05-02 11:29:01 DEBUG BeanDefinitionParserDelegate:451 - No XML 'id' specified - using 'dataSource' as bean name and [] as aliases
2019-05-02 11:29:01 DEBUG BeanDefinitionParserDelegate:481 - Neither XML 'id' nor 'name' specified - using generated bean name [org.springframework.http.converter.json. ?- MappingJacksonHttpMessageConverter#369f73a2]
2019-05-02 11:29:01 DEBUG BeanDefinitionParserDelegate:481 - Neither XML 'id' nor 'name' specified - using generated bean name [s3.util.json.CustomJsonMapper#1f28c152]
2019-05-02 11:29:01 DEBUG BeanDefinitionParserDelegate:481 - Neither XML 'id' nor 'name' specified - using generated bean name [org.springframework.http.converter.json.MappingJackson2HttpMessageConverter#0]
2019-05-02 11:29:01 DEBUG BeanDefinitionParserDelegate:451 - No XML 'id' specified - using 'sessionFactory' as bean name and [] as aliases
2019-05-02 11:29:01 DEBUG BeanDefinitionParserDelegate:451 - No XML 'id' specified - using 'transactionManager' as bean name and [] as aliases
2019-05-02 11:29:01 DEBUG XmlBeanDefinitionReader:224 - Loaded 19 bean definitions from location pattern [applicationContext.xml]
2019-05-02 11:29:01 DEBUG ClassPathXmlApplicationContext:617 - Bean factory for org.springframework.context.support.ClassPathXmlApplicationContext@442d9b6e: org.springframework.beans.factory.support.DefaultListableBeanFactory@3a5ed7a6: defining beans [org.springframework.context.annotation.internalConfigurationAnnotationProcessor,org.springframework.context.annotation.internalAutowiredAnnotationProcessor,org.springframework.context.annotation.internalRequiredAnnotationProcessor,org.springframework.context.annotation.internalCommonAnnotationProcessor,org.springframework.context.annotation.internalPersistenceAnnotationProcessor,org.springframework.context.event.internalEventListenerProcessor,org.springframework.context.event.internalEventListenerFactory,org.springframework.transaction.config.internalTransactionalEventListenerFactory,org.springframework.aop.config.internalAutoProxyCreator,org.springframework.transaction.annotation.AnnotationTransactionAttributeSource#0,org.springframework.transaction.interceptor.TransactionInterceptor#0,org.springframework.transaction.config.internalTransactionAdvisor,movieRepository,userRepository,dataSource,restTemplate,org.springframework.http.converter.json.MappingJackson2HttpMessageConverter#0,sessionFactory,transactionManager]; root of factory hierarchy
2019-05-02 11:29:01 DEBUG DefaultListableBeanFactory:221 - Creating shared instance of singleton bean 'org.springframework.context.annotation.internalConfigurationAnnotationProcessor'
2019-05-02 11:29:01 DEBUG DefaultListableBeanFactory:449 - Creating instance of bean 'org.springframework.context.annotation.internalConfigurationAnnotationProcessor'
2019-05-02 11:29:01 DEBUG DefaultListableBeanFactory:539 - Eagerly caching bean 'org.springframework.context.annotation.internalConfigurationAnnotationProcessor' to allow for resolving potential circular references
2019-05-02 11:29:01 DEBUG DefaultListableBeanFactory:485 - Finished creating instance of bean 'org.springframework.context.annotation.internalConfigurationAnnotationProcessor'
2019-05-02 11:29:01 DEBUG DefaultListableBeanFactory:221 - Creating shared instance of singleton bean 'org.springframework.context.annotation.internalAutowiredAnnotationProcessor'
2019-05-02 11:29:01 DEBUG DefaultListableBeanFactory:449 - Creating instance of bean 'org.springframework.context.annotation.internalAutowiredAnnotationProcessor'
2019-05-02 11:29:01 DEBUG DefaultListableBeanFactory:539 - Eagerly caching bean 'org.springframework.context.annotation.internalAutowiredAnnotationProcessor' to allow for resolving potential circular references
2019-05-02 11:29:01 TRACE SpringFactoriesLoader:89 - Loaded [org.springframework.beans.BeanInfoFactory] names: [org.springframework.beans.ExtendedBeanInfoFactory]
2019-05-02 11:29:01 TRACE CachedIntrospectionResults:265 - Getting BeanInfo for class [org.springframework.beans.factory.annotation.AutowiredAnnotationBeanPostProcessor]
2019-05-02 11:29:01 TRACE CachedIntrospectionResults:284 - Caching PropertyDescriptors for class [org.springframework.beans.factory.annotation.AutowiredAnnotationBeanPostProcessor]
2019-05-02 11:29:01 TRACE CachedIntrospectionResults:297 - Found bean property 'autowiredAnnotationType' of type [java.lang.Class]
2019-05-02 11:29:01 TRACE CachedIntrospectionResults:297 - Found bean property 'autowiredAnnotationTypes' of type [java.util.Set]
2019-05-02 11:29:01 TRACE CachedIntrospectionResults:297 - Found bean property 'beanFactory' of type [org.springframework.beans.factory.BeanFactory]
2019-05-02 11:29:01 TRACE CachedIntrospectionResults:297 - Found bean property 'class' of type [java.lang.Class]
2019-05-02 11:29:01 TRACE CachedIntrospectionResults:297 - Found bean property 'order' of type [int]
2019-05-02 11:29:01 TRACE CachedIntrospectionResults:297 - Found bean property 'requiredParameterName' of type [java.lang.String]
2019-05-02 11:29:01 TRACE CachedIntrospectionResults:297 - Found bean property 'requiredParameterValue' of type [boolean]
2019-05-02 11:29:01 DEBUG DefaultListableBeanFactory:485 - Finished creating instance of bean 'org.springframework.context.annotation.internalAutowiredAnnotationProcessor'
2019-05-02 11:29:01 DEBUG DefaultListableBeanFactory:221 - Creating shared instance of singleton bean 'org.springframework.context.annotation.internalRequiredAnnotationProcessor'
2019-05-02 11:29:01 DEBUG DefaultListableBeanFactory:449 - Creating instance of bean 'org.springframework.context.annotation.internalRequiredAnnotationProcessor'
2019-05-02 11:29:01 DEBUG DefaultListableBeanFactory:539 - Eagerly caching bean 'org.springframework.context.annotation.internalRequiredAnnotationProcessor' to allow for resolving potential circular references
2019-05-02 11:29:01 TRACE CachedIntrospectionResults:265 - Getting BeanInfo for class [org.springframework.beans.factory.annotation.RequiredAnnotationBeanPostProcessor]
2019-05-02 11:29:01 TRACE CachedIntrospectionResults:284 - Caching PropertyDescriptors for class [org.springframework.beans.factory.annotation.RequiredAnnotationBeanPostProcessor]
2019-05-02 11:29:01 TRACE CachedIntrospectionResults:297 - Found bean property 'beanFactory' of type [org.springframework.beans.factory.BeanFactory]
2019-05-02 11:29:01 TRACE CachedIntrospectionResults:297 - Found bean property 'class' of type [java.lang.Class]
2019-05-02 11:29:01 TRACE CachedIntrospectionResults:297 - Found bean property 'order' of type [int]
2019-05-02 11:29:01 TRACE CachedIntrospectionResults:297 - Found bean property 'requiredAnnotationType' of type [java.lang.Class]
2019-05-02 11:29:01 DEBUG DefaultListableBeanFactory:485 - Finished creating instance of bean 'org.springframework.context.annotation.internalRequiredAnnotationProcessor'
2019-05-02 11:29:01 DEBUG DefaultListableBeanFactory:221 - Creating shared instance of singleton bean 'org.springframework.context.annotation.internalCommonAnnotationProcessor'
2019-05-02 11:29:01 DEBUG DefaultListableBeanFactory:449 - Creating instance of bean 'org.springframework.context.annotation.internalCommonAnnotationProcessor'
2019-05-02 11:29:01 DEBUG DefaultListableBeanFactory:539 - Eagerly caching bean 'org.springframework.context.annotation.internalCommonAnnotationProcessor' to allow for resolving potential circular references
2019-05-02 11:29:01 TRACE CachedIntrospectionResults:265 - Getting BeanInfo for class [org.springframework.context.annotation.CommonAnnotationBeanPostProcessor]
2019-05-02 11:29:01 TRACE CachedIntrospectionResults:284 - Caching PropertyDescriptors for class [org.springframework.context.annotation.CommonAnnotationBeanPostProcessor]
2019-05-02 11:29:01 TRACE CachedIntrospectionResults:297 - Found bean property 'alwaysUseJndiLookup' of type [boolean]
2019-05-02 11:29:01 TRACE CachedIntrospectionResults:297 - Found bean property 'beanFactory' of type [org.springframework.beans.factory.BeanFactory]
2019-05-02 11:29:01 TRACE CachedIntrospectionResults:297 - Found bean property 'class' of type [java.lang.Class]
2019-05-02 11:29:01 TRACE CachedIntrospectionResults:297 - Found bean property 'destroyAnnotationType' of type [java.lang.Class]
2019-05-02 11:29:01 TRACE CachedIntrospectionResults:297 - Found bean property 'fallbackToDefaultTypeMatch' of type [boolean]
2019-05-02 11:29:01 TRACE CachedIntrospectionResults:297 - Found bean property 'initAnnotationType' of type [java.lang.Class]
2019-05-02 11:29:01 TRACE CachedIntrospectionResults:297 - Found bean property 'jndiFactory' of type [org.springframework.beans.factory.BeanFactory]
2019-05-02 11:29:01 TRACE CachedIntrospectionResults:297 - Found bean property 'order' of type [int]
2019-05-02 11:29:01 TRACE CachedIntrospectionResults:297 - Found bean property 'resourceFactory' of type [org.springframework.beans.factory.BeanFactory]
2019-05-02 11:29:01 DEBUG DefaultListableBeanFactory:485 - Finished creating instance of bean 'org.springframework.context.annotation.internalCommonAnnotationProcessor'
2019-05-02 11:29:01 DEBUG DefaultListableBeanFactory:221 - Creating shared instance of singleton bean 'org.springframework.context.annotation.internalPersistenceAnnotationProcessor'
2019-05-02 11:29:01 DEBUG DefaultListableBeanFactory:449 - Creating instance of bean 'org.springframework.context.annotation.internalPersistenceAnnotationProcessor'
2019-05-02 11:29:01 DEBUG DefaultListableBeanFactory:539 - Eagerly caching bean 'org.springframework.context.annotation.internalPersistenceAnnotationProcessor' to allow for resolving potential circular references
2019-05-02 11:29:01 TRACE CachedIntrospectionResults:265 - Getting BeanInfo for class [org.springframework.orm.jpa.support.PersistenceAnnotationBeanPostProcessor]
2019-05-02 11:29:01 TRACE CachedIntrospectionResults:284 - Caching PropertyDescriptors for class [org.springframework.orm.jpa.support.PersistenceAnnotationBeanPostProcessor]
2019-05-02 11:29:01 TRACE CachedIntrospectionResults:297 - Found bean property 'beanFactory' of type [org.springframework.beans.factory.BeanFactory]
2019-05-02 11:29:01 TRACE CachedIntrospectionResults:297 - Found bean property 'class' of type [java.lang.Class]
2019-05-02 11:29:01 TRACE CachedIntrospectionResults:297 - Found bean property 'defaultPersistenceUnitName' of type [java.lang.String]
2019-05-02 11:29:01 TRACE CachedIntrospectionResults:297 - Found bean property 'extendedPersistenceContexts' of type [java.util.Map]
2019-05-02 11:29:01 TRACE CachedIntrospectionResults:297 - Found bean property 'jndiEnvironment' of type [java.util.Properties]
2019-05-02 11:29:01 TRACE CachedIntrospectionResults:297 - Found bean property 'jndiTemplate' of type [java.lang.Object]
2019-05-02 11:29:01 TRACE CachedIntrospectionResults:297 - Found bean property 'order' of type [int]
2019-05-02 11:29:01 TRACE CachedIntrospectionResults:297 - Found bean property 'persistenceContexts' of type [java.util.Map]
2019-05-02 11:29:01 TRACE CachedIntrospectionResults:297 - Found bean property 'persistenceUnits' of type [java.util.Map]
2019-05-02 11:29:01 TRACE CachedIntrospectionResults:297 - Found bean property 'resourceRef' of type [boolean]
2019-05-02 11:29:01 DEBUG DefaultListableBeanFactory:485 - Finished creating instance of bean 'org.springframework.context.annotation.internalPersistenceAnnotationProcessor'
2019-05-02 11:29:01 DEBUG DefaultListableBeanFactory:221 - Creating shared instance of singleton bean 'org.springframework.aop.config.internalAutoProxyCreator'
2019-05-02 11:29:01 DEBUG DefaultListableBeanFactory:449 - Creating instance of bean 'org.springframework.aop.config.internalAutoProxyCreator'
2019-05-02 11:29:01 DEBUG DefaultListableBeanFactory:539 - Eagerly caching bean 'org.springframework.aop.config.internalAutoProxyCreator' to allow for resolving potential circular references
2019-05-02 11:29:01 TRACE CachedIntrospectionResults:265 - Getting BeanInfo for class [org.springframework.aop.framework.autoproxy.InfrastructureAdvisorAutoProxyCreator]
2019-05-02 11:29:01 TRACE CachedIntrospectionResults:284 - Caching PropertyDescriptors for class [org.springframework.aop.framework.autoproxy.InfrastructureAdvisorAutoProxyCreator]
2019-05-02 11:29:01 TRACE CachedIntrospectionResults:297 - Found bean property 'advisorAdapterRegistry' of type [org.springframework.aop.framework.adapter.AdvisorAdapterRegistry]
2019-05-02 11:29:01 TRACE CachedIntrospectionResults:297 - Found bean property 'applyCommonInterceptorsFirst' of type [boolean]
2019-05-02 11:29:01 TRACE CachedIntrospectionResults:297 - Found bean property 'beanClassLoader' of type [java.lang.ClassLoader]
2019-05-02 11:29:01 TRACE CachedIntrospectionResults:297 - Found bean property 'beanFactory' of type [org.springframework.beans.factory.BeanFactory]
2019-05-02 11:29:01 TRACE CachedIntrospectionResults:297 - Found bean property 'class' of type [java.lang.Class]
2019-05-02 11:29:01 TRACE CachedIntrospectionResults:297 - Found bean property 'customTargetSourceCreators' of type [[Lorg.springframework.aop.framework.autoproxy.TargetSourceCreator;]
2019-05-02 11:29:01 TRACE CachedIntrospectionResults:297 - Found bean property 'exposeProxy' of type [boolean]
2019-05-02 11:29:01 TRACE CachedIntrospectionResults:297 - Found bean property 'frozen' of type [boolean]
2019-05-02 11:29:01 TRACE CachedIntrospectionResults:297 - Found bean property 'interceptorNames' of type [[Ljava.lang.String;]
2019-05-02 11:29:01 TRACE CachedIntrospectionResults:297 - Found bean property 'opaque' of type [boolean]
2019-05-02 11:29:01 TRACE CachedIntrospectionResults:297 - Found bean property 'optimize' of type [boolean]
2019-05-02 11:29:01 TRACE CachedIntrospectionResults:297 - Found bean property 'order' of type [int]
2019-05-02 11:29:01 TRACE CachedIntrospectionResults:297 - Found bean property 'proxyClassLoader' of type [java.lang.ClassLoader]
2019-05-02 11:29:01 TRACE CachedIntrospectionResults:297 - Found bean property 'proxyTargetClass' of type [boolean]
2019-05-02 11:29:01 DEBUG DefaultListableBeanFactory:485 - Finished creating instance of bean 'org.springframework.aop.config.internalAutoProxyCreator'
2019-05-02 11:29:01 DEBUG ClassPathXmlApplicationContext:734 - Unable to locate MessageSource with name 'messageSource': using default [org.springframework.context.support.DelegatingMessageSource@29ba4338]
2019-05-02 11:29:01 DEBUG ClassPathXmlApplicationContext:758 - Unable to locate ApplicationEventMulticaster with name 'applicationEventMulticaster': using default [org.springframework.context.event.SimpleApplicationEventMulticaster@448ff1a8]
2019-05-02 11:29:01 DEBUG DefaultListableBeanFactory:730 - Pre-instantiating singletons in org.springframework.beans.factory.support.DefaultListableBeanFactory@3a5ed7a6: defining beans [org.springframework.context.annotation.internalConfigurationAnnotationProcessor,org.springframework.context.annotation.internalAutowiredAnnotationProcessor,org.springframework.context.annotation.internalRequiredAnnotationProcessor,org.springframework.context.annotation.internalCommonAnnotationProcessor,org.springframework.context.annotation.internalPersistenceAnnotationProcessor,org.springframework.context.event.internalEventListenerProcessor,org.springframework.context.event.internalEventListenerFactory,org.springframework.transaction.config.internalTransactionalEventListenerFactory,org.springframework.aop.config.internalAutoProxyCreator,org.springframework.transaction.annotation.AnnotationTransactionAttributeSource#0,org.springframework.transaction.interceptor.TransactionInterceptor#0,org.springframework.transaction.config.internalTransactionAdvisor,movieRepository,userRepository,dataSource,restTemplate,org.springframework.http.converter.json.MappingJackson2HttpMessageConverter#0,sessionFactory,transactionManager]; root of factory hierarchy
2019-05-02 11:29:01 DEBUG DefaultListableBeanFactory:251 - Returning cached instance of singleton bean 'org.springframework.context.annotation.internalConfigurationAnnotationProcessor'
2019-05-02 11:29:01 DEBUG DefaultListableBeanFactory:251 - Returning cached instance of singleton bean 'org.springframework.context.annotation.internalAutowiredAnnotationProcessor'
2019-05-02 11:29:01 DEBUG DefaultListableBeanFactory:251 - Returning cached instance of singleton bean 'org.springframework.context.annotation.internalRequiredAnnotationProcessor'
2019-05-02 11:29:01 DEBUG DefaultListableBeanFactory:251 - Returning cached instance of singleton bean 'org.springframework.context.annotation.internalCommonAnnotationProcessor'
2019-05-02 11:29:01 DEBUG DefaultListableBeanFactory:251 - Returning cached instance of singleton bean 'org.springframework.context.annotation.internalPersistenceAnnotationProcessor'
2019-05-02 11:29:01 DEBUG DefaultListableBeanFactory:221 - Creating shared instance of singleton bean 'org.springframework.context.event.internalEventListenerProcessor'
2019-05-02 11:29:01 DEBUG DefaultListableBeanFactory:449 - Creating instance of bean 'org.springframework.context.event.internalEventListenerProcessor'
2019-05-02 11:29:01 DEBUG DefaultListableBeanFactory:539 - Eagerly caching bean 'org.springframework.context.event.internalEventListenerProcessor' to allow for resolving potential circular references
2019-05-02 11:29:01 TRACE CachedIntrospectionResults:265 - Getting BeanInfo for class [org.springframework.context.event.EventListenerMethodProcessor]
2019-05-02 11:29:01 TRACE CachedIntrospectionResults:284 - Caching PropertyDescriptors for class [org.springframework.context.event.EventListenerMethodProcessor]
2019-05-02 11:29:01 TRACE CachedIntrospectionResults:297 - Found bean property 'applicationContext' of type [org.springframework.context.ApplicationContext]
2019-05-02 11:29:01 TRACE CachedIntrospectionResults:297 - Found bean property 'class' of type [java.lang.Class]
2019-05-02 11:29:01 DEBUG DefaultListableBeanFactory:221 - Creating shared instance of singleton bean 'org.springframework.transaction.config.internalTransactionAdvisor'
2019-05-02 11:29:01 DEBUG DefaultListableBeanFactory:449 - Creating instance of bean 'org.springframework.transaction.config.internalTransactionAdvisor'
2019-05-02 11:29:01 TRACE InfrastructureAdvisorAutoProxyCreator:377 - Did not attempt to auto-proxy infrastructure class [org.springframework.transaction.interceptor.BeanFactoryTransactionAttributeSourceAdvisor]
2019-05-02 11:29:01 DEBUG DefaultListableBeanFactory:539 - Eagerly caching bean 'org.springframework.transaction.config.internalTransactionAdvisor' to allow for resolving potential circular references
2019-05-02 11:29:01 TRACE CachedIntrospectionResults:265 - Getting BeanInfo for class [org.springframework.transaction.interceptor.BeanFactoryTransactionAttributeSourceAdvisor]
2019-05-02 11:29:01 TRACE CachedIntrospectionResults:284 - Caching PropertyDescriptors for class [org.springframework.transaction.interceptor.BeanFactoryTransactionAttributeSourceAdvisor]
2019-05-02 11:29:01 TRACE CachedIntrospectionResults:297 - Found bean property 'advice' of type [org.aopalliance.aop.Advice]
2019-05-02 11:29:01 TRACE CachedIntrospectionResults:297 - Found bean property 'adviceBeanName' of type [java.lang.String]
2019-05-02 11:29:01 TRACE CachedIntrospectionResults:297 - Found bean property 'beanFactory' of type [org.springframework.beans.factory.BeanFactory]
2019-05-02 11:29:01 TRACE CachedIntrospectionResults:297 - Found bean property 'class' of type [java.lang.Class]
2019-05-02 11:29:01 TRACE CachedIntrospectionResults:297 - Found bean property 'classFilter' of type [org.springframework.aop.ClassFilter]
2019-05-02 11:29:01 TRACE CachedIntrospectionResults:297 - Found bean property 'order' of type [int]
2019-05-02 11:29:01 TRACE CachedIntrospectionResults:297 - Found bean property 'perInstance' of type [boolean]
2019-05-02 11:29:01 TRACE CachedIntrospectionResults:297 - Found bean property 'pointcut' of type [org.springframework.aop.Pointcut]
2019-05-02 11:29:01 TRACE CachedIntrospectionResults:297 - Found bean property 'transactionAttributeSource' of type [org.springframework.transaction.interceptor.TransactionAttributeSource]
2019-05-02 11:29:01 DEBUG DefaultListableBeanFactory:221 - Creating shared instance of singleton bean 'org.springframework.transaction.annotation.AnnotationTransactionAttributeSource#0'
2019-05-02 11:29:01 DEBUG DefaultListableBeanFactory:449 - Creating instance of bean 'org.springframework.transaction.annotation.AnnotationTransactionAttributeSource#0'
2019-05-02 11:29:01 DEBUG DefaultListableBeanFactory:539 - Eagerly caching bean 'org.springframework.transaction.annotation.AnnotationTransactionAttributeSource#0' to allow for resolving potential circular references
2019-05-02 11:29:01 TRACE CachedIntrospectionResults:265 - Getting BeanInfo for class [org.springframework.transaction.annotation.AnnotationTransactionAttributeSource]
2019-05-02 11:29:01 TRACE CachedIntrospectionResults:284 - Caching PropertyDescriptors for class [org.springframework.transaction.annotation.AnnotationTransactionAttributeSource]
2019-05-02 11:29:01 TRACE CachedIntrospectionResults:297 - Found bean property 'class' of type [java.lang.Class]
2019-05-02 11:29:01 DEBUG BeanFactoryAdvisorRetrievalHelper:87 - Skipping currently created advisor 'org.springframework.transaction.config.internalTransactionAdvisor'
2019-05-02 11:29:01 DEBUG DefaultListableBeanFactory:485 - Finished creating instance of bean 'org.springframework.transaction.annotation.AnnotationTransactionAttributeSource#0'
2019-05-02 11:29:01 DEBUG DefaultListableBeanFactory:485 - Finished creating instance of bean 'org.springframework.transaction.config.internalTransactionAdvisor'
2019-05-02 11:29:01 DEBUG DefaultListableBeanFactory:485 - Finished creating instance of bean 'org.springframework.context.event.internalEventListenerProcessor'
2019-05-02 11:29:01 DEBUG DefaultListableBeanFactory:221 - Creating shared instance of singleton bean 'org.springframework.context.event.internalEventListenerFactory'
2019-05-02 11:29:01 DEBUG DefaultListableBeanFactory:449 - Creating instance of bean 'org.springframework.context.event.internalEventListenerFactory'
2019-05-02 11:29:01 DEBUG DefaultListableBeanFactory:539 - Eagerly caching bean 'org.springframework.context.event.internalEventListenerFactory' to allow for resolving potential circular references
2019-05-02 11:29:01 TRACE CachedIntrospectionResults:265 - Getting BeanInfo for class [org.springframework.context.event.DefaultEventListenerFactory]
2019-05-02 11:29:01 TRACE CachedIntrospectionResults:284 - Caching PropertyDescriptors for class [org.springframework.context.event.DefaultEventListenerFactory]
2019-05-02 11:29:01 TRACE CachedIntrospectionResults:297 - Found bean property 'class' of type [java.lang.Class]
2019-05-02 11:29:01 TRACE CachedIntrospectionResults:297 - Found bean property 'order' of type [int]
2019-05-02 11:29:01 DEBUG DefaultListableBeanFactory:251 - Returning cached instance of singleton bean 'org.springframework.transaction.config.internalTransactionAdvisor'
2019-05-02 11:29:01 DEBUG DefaultListableBeanFactory:485 - Finished creating instance of bean 'org.springframework.context.event.internalEventListenerFactory'
2019-05-02 11:29:01 DEBUG DefaultListableBeanFactory:221 - Creating shared instance of singleton bean 'org.springframework.transaction.config.internalTransactionalEventListenerFactory'
2019-05-02 11:29:01 DEBUG DefaultListableBeanFactory:449 - Creating instance of bean 'org.springframework.transaction.config.internalTransactionalEventListenerFactory'
2019-05-02 11:29:01 DEBUG DefaultListableBeanFactory:539 - Eagerly caching bean 'org.springframework.transaction.config.internalTransactionalEventListenerFactory' to allow for resolving potential circular references
2019-05-02 11:29:01 TRACE CachedIntrospectionResults:265 - Getting BeanInfo for class [org.springframework.transaction.event.TransactionalEventListenerFactory]
2019-05-02 11:29:01 TRACE CachedIntrospectionResults:284 - Caching PropertyDescriptors for class [org.springframework.transaction.event.TransactionalEventListenerFactory]
2019-05-02 11:29:01 TRACE CachedIntrospectionResults:297 - Found bean property 'class' of type [java.lang.Class]
2019-05-02 11:29:01 TRACE CachedIntrospectionResults:297 - Found bean property 'order' of type [int]
2019-05-02 11:29:01 DEBUG DefaultListableBeanFactory:251 - Returning cached instance of singleton bean 'org.springframework.transaction.config.internalTransactionAdvisor'
2019-05-02 11:29:01 DEBUG DefaultListableBeanFactory:485 - Finished creating instance of bean 'org.springframework.transaction.config.internalTransactionalEventListenerFactory'
2019-05-02 11:29:01 DEBUG DefaultListableBeanFactory:251 - Returning cached instance of singleton bean 'org.springframework.aop.config.internalAutoProxyCreator'
2019-05-02 11:29:01 DEBUG DefaultListableBeanFactory:251 - Returning cached instance of singleton bean 'org.springframework.transaction.annotation.AnnotationTransactionAttributeSource#0'
2019-05-02 11:29:01 DEBUG DefaultListableBeanFactory:221 - Creating shared instance of singleton bean 'org.springframework.transaction.interceptor.TransactionInterceptor#0'
2019-05-02 11:29:01 DEBUG DefaultListableBeanFactory:449 - Creating instance of bean 'org.springframework.transaction.interceptor.TransactionInterceptor#0'
2019-05-02 11:29:01 TRACE InfrastructureAdvisorAutoProxyCreator:377 - Did not attempt to auto-proxy infrastructure class [org.springframework.transaction.interceptor.TransactionInterceptor]
2019-05-02 11:29:01 DEBUG DefaultListableBeanFactory:539 - Eagerly caching bean 'org.springframework.transaction.interceptor.TransactionInterceptor#0' to allow for resolving potential circular references
2019-05-02 11:29:01 TRACE CachedIntrospectionResults:265 - Getting BeanInfo for class [org.springframework.transaction.interceptor.TransactionInterceptor]
2019-05-02 11:29:01 TRACE CachedIntrospectionResults:284 - Caching PropertyDescriptors for class [org.springframework.transaction.interceptor.TransactionInterceptor]
2019-05-02 11:29:01 TRACE CachedIntrospectionResults:297 - Found bean property 'beanFactory' of type [org.springframework.beans.factory.BeanFactory]
2019-05-02 11:29:01 TRACE CachedIntrospectionResults:297 - Found bean property 'class' of type [java.lang.Class]
2019-05-02 11:29:01 TRACE CachedIntrospectionResults:297 - Found bean property 'transactionAttributeSource' of type [org.springframework.transaction.interceptor.TransactionAttributeSource]
2019-05-02 11:29:01 TRACE CachedIntrospectionResults:297 - Found bean property 'transactionAttributeSources' of type [[Lorg.springframework.transaction.interceptor.TransactionAttributeSource;]
2019-05-02 11:29:01 TRACE CachedIntrospectionResults:297 - Found bean property 'transactionAttributes' of type [java.util.Properties]
2019-05-02 11:29:01 TRACE CachedIntrospectionResults:297 - Found bean property 'transactionManager' of type [org.springframework.transaction.PlatformTransactionManager]
2019-05-02 11:29:01 TRACE CachedIntrospectionResults:297 - Found bean property 'transactionManagerBeanName' of type [java.lang.String]
2019-05-02 11:29:01 DEBUG DefaultListableBeanFactory:251 - Returning cached instance of singleton bean 'org.springframework.transaction.annotation.AnnotationTransactionAttributeSource#0'
2019-05-02 11:29:01 DEBUG DefaultListableBeanFactory:1670 - Invoking afterPropertiesSet() on bean with name 'org.springframework.transaction.interceptor.TransactionInterceptor#0'
2019-05-02 11:29:01 DEBUG DefaultListableBeanFactory:485 - Finished creating instance of bean 'org.springframework.transaction.interceptor.TransactionInterceptor#0'
2019-05-02 11:29:01 DEBUG DefaultListableBeanFactory:251 - Returning cached instance of singleton bean 'org.springframework.transaction.config.internalTransactionAdvisor'
2019-05-02 11:29:01 DEBUG DefaultListableBeanFactory:221 - Creating shared instance of singleton bean 'movieRepository'
2019-05-02 11:29:01 DEBUG DefaultListableBeanFactory:449 - Creating instance of bean 'movieRepository'
2019-05-02 11:29:01 DEBUG DefaultListableBeanFactory:539 - Eagerly caching bean 'movieRepository' to allow for resolving potential circular references
2019-05-02 11:29:01 TRACE CachedIntrospectionResults:265 - Getting BeanInfo for class [com.revature.repository.MovieRepositoryHibernate]
2019-05-02 11:29:01 TRACE CachedIntrospectionResults:284 - Caching PropertyDescriptors for class [com.revature.repository.MovieRepositoryHibernate]
2019-05-02 11:29:01 TRACE CachedIntrospectionResults:297 - Found bean property 'class' of type [java.lang.Class]
2019-05-02 11:29:01 DEBUG DefaultListableBeanFactory:251 - Returning cached instance of singleton bean 'org.springframework.transaction.config.internalTransactionAdvisor'
2019-05-02 11:29:01 DEBUG AnnotationTransactionAttributeSource:116 - Adding transactional method 'com.revature.repository.MovieRepositoryHibernate.save' with attribute: PROPAGATION_REQUIRED,ISOLATION_DEFAULT; ''
2019-05-02 11:29:01 DEBUG InfrastructureAdvisorAutoProxyCreator:527 - Creating implicit proxy for bean 'movieRepository' with 0 common interceptors and 1 specific interceptors
2019-05-02 11:29:01 DEBUG JdkDynamicAopProxy:118 - Creating JDK dynamic proxy: target source is SingletonTargetSource for target object [com.revature.repository.MovieRepositoryHibernate@2aa5fe93]
2019-05-02 11:29:01 DEBUG DefaultListableBeanFactory:485 - Finished creating instance of bean 'movieRepository'
2019-05-02 11:29:01 DEBUG DefaultListableBeanFactory:221 - Creating shared instance of singleton bean 'userRepository'
2019-05-02 11:29:01 DEBUG DefaultListableBeanFactory:449 - Creating instance of bean 'userRepository'
2019-05-02 11:29:01 DEBUG DefaultListableBeanFactory:539 - Eagerly caching bean 'userRepository' to allow for resolving potential circular references
2019-05-02 11:29:01 TRACE CachedIntrospectionResults:265 - Getting BeanInfo for class [com.revature.repository.UserRepositoryHibernate]
2019-05-02 11:29:01 TRACE CachedIntrospectionResults:284 - Caching PropertyDescriptors for class [com.revature.repository.UserRepositoryHibernate]
2019-05-02 11:29:01 TRACE CachedIntrospectionResults:297 - Found bean property 'class' of type [java.lang.Class]
2019-05-02 11:29:01 DEBUG DefaultListableBeanFactory:251 - Returning cached instance of singleton bean 'org.springframework.transaction.config.internalTransactionAdvisor'
2019-05-02 11:29:01 DEBUG AnnotationTransactionAttributeSource:116 - Adding transactional method 'com.revature.repository.UserRepositoryHibernate.save' with attribute: PROPAGATION_REQUIRED,ISOLATION_DEFAULT; ''
2019-05-02 11:29:01 DEBUG InfrastructureAdvisorAutoProxyCreator:527 - Creating implicit proxy for bean 'userRepository' with 0 common interceptors and 1 specific interceptors
2019-05-02 11:29:01 DEBUG JdkDynamicAopProxy:118 - Creating JDK dynamic proxy: target source is SingletonTargetSource for target object [com.revature.repository.UserRepositoryHibernate@45dd4eda]
2019-05-02 11:29:01 DEBUG DefaultListableBeanFactory:485 - Finished creating instance of bean 'userRepository'
2019-05-02 11:29:01 DEBUG DefaultListableBeanFactory:221 - Creating shared instance of singleton bean 'dataSource'
2019-05-02 11:29:01 DEBUG DefaultListableBeanFactory:449 - Creating instance of bean 'dataSource'
2019-05-02 11:29:01 DEBUG DefaultListableBeanFactory:539 - Eagerly caching bean 'dataSource' to allow for resolving potential circular references
2019-05-02 11:29:01 TRACE CachedIntrospectionResults:265 - Getting BeanInfo for class [org.springframework.jdbc.datasource.DriverManagerDataSource]
2019-05-02 11:29:01 TRACE CachedIntrospectionResults:284 - Caching PropertyDescriptors for class [org.springframework.jdbc.datasource.DriverManagerDataSource]
2019-05-02 11:29:01 TRACE CachedIntrospectionResults:297 - Found bean property 'catalog' of type [java.lang.String]
2019-05-02 11:29:01 TRACE CachedIntrospectionResults:297 - Found bean property 'class' of type [java.lang.Class]
2019-05-02 11:29:01 TRACE CachedIntrospectionResults:297 - Found bean property 'connection' of type [java.sql.Connection]
2019-05-02 11:29:01 TRACE CachedIntrospectionResults:297 - Found bean property 'connectionProperties' of type [java.util.Properties]
2019-05-02 11:29:01 TRACE CachedIntrospectionResults:297 - Found bean property 'driverClassName' of type [java.lang.String]
2019-05-02 11:29:01 TRACE CachedIntrospectionResults:297 - Found bean property 'logWriter' of type [java.io.PrintWriter]
2019-05-02 11:29:01 TRACE CachedIntrospectionResults:297 - Found bean property 'loginTimeout' of type [int]
2019-05-02 11:29:01 TRACE CachedIntrospectionResults:297 - Found bean property 'parentLogger' of type [java.util.logging.Logger]
2019-05-02 11:29:01 TRACE CachedIntrospectionResults:297 - Found bean property 'password' of type [java.lang.String]
2019-05-02 11:29:01 TRACE CachedIntrospectionResults:297 - Found bean property 'schema' of type [java.lang.String]
2019-05-02 11:29:01 TRACE CachedIntrospectionResults:297 - Found bean property 'url' of type [java.lang.String]
2019-05-02 11:29:01 TRACE CachedIntrospectionResults:297 - Found bean property 'username' of type [java.lang.String]
2019-05-02 11:29:01 INFO  DriverManagerDataSource:133 - Loaded JDBC driver: oracle.jdbc.driver.OracleDriver
2019-05-02 11:29:01 DEBUG DefaultListableBeanFactory:251 - Returning cached instance of singleton bean 'org.springframework.transaction.config.internalTransactionAdvisor'
2019-05-02 11:29:01 DEBUG DefaultListableBeanFactory:485 - Finished creating instance of bean 'dataSource'
2019-05-02 11:29:01 DEBUG DefaultListableBeanFactory:221 - Creating shared instance of singleton bean 'restTemplate'
2019-05-02 11:29:01 DEBUG DefaultListableBeanFactory:449 - Creating instance of bean 'restTemplate'
2019-05-02 11:29:02 DEBUG DefaultListableBeanFactory:539 - Eagerly caching bean 'restTemplate' to allow for resolving potential circular references
2019-05-02 11:29:02 TRACE CachedIntrospectionResults:265 - Getting BeanInfo for class [org.springframework.web.client.RestTemplate]
2019-05-02 11:29:02 TRACE CachedIntrospectionResults:284 - Caching PropertyDescriptors for class [org.springframework.web.client.RestTemplate]
2019-05-02 11:29:02 TRACE CachedIntrospectionResults:297 - Found bean property 'class' of type [java.lang.Class]
2019-05-02 11:29:02 TRACE CachedIntrospectionResults:297 - Found bean property 'defaultUriVariables' of type [java.util.Map]
2019-05-02 11:29:02 TRACE CachedIntrospectionResults:297 - Found bean property 'errorHandler' of type [org.springframework.web.client.ResponseErrorHandler]
2019-05-02 11:29:02 TRACE CachedIntrospectionResults:297 - Found bean property 'interceptors' of type [java.util.List]
2019-05-02 11:29:02 TRACE CachedIntrospectionResults:297 - Found bean property 'messageConverters' of type [java.util.List]
2019-05-02 11:29:02 TRACE CachedIntrospectionResults:297 - Found bean property 'requestFactory' of type [org.springframework.http.client.ClientHttpRequestFactory]
2019-05-02 11:29:02 TRACE CachedIntrospectionResults:297 - Found bean property 'uriTemplateHandler' of type [org.springframework.web.util.UriTemplateHandler]
2019-05-02 11:29:02 DEBUG DefaultListableBeanFactory:449 - Creating instance of bean 'org.springframework.http.converter.json. ?- MappingJacksonHttpMessageConverter#369f73a2'
2019-05-02 11:29:02 DEBUG DefaultListableBeanFactory:568 - Retrieved dependent beans for bean 'org.springframework.http.converter.json. ?- MappingJacksonHttpMessageConverter#369f73a2': [restTemplate]
2019-05-02 11:29:02 WARN  ClassPathXmlApplicationContext:551 - Exception encountered during context initialization - cancelling refresh attempt: org.springframework.beans.factory.BeanCreationException: Error creating bean with name 'restTemplate' defined in class path resource [applicationContext.xml]: Cannot create inner bean 'org.springframework.http.converter.json. ?- MappingJacksonHttpMessageConverter#369f73a2' of type [org.springframework.http.converter.json. ?- MappingJacksonHttpMessageConverter] while setting bean property 'messageConverters' with key [0]; nested exception is org.springframework.beans.factory.CannotLoadBeanClassException: Cannot find class [org.springframework.http.converter.json. ?- MappingJacksonHttpMessageConverter] for bean with name 'org.springframework.http.converter.json. ?- MappingJacksonHttpMessageConverter#369f73a2' defined in class path resource [applicationContext.xml]; nested exception is java.lang.ClassNotFoundException: org.springframework.http.converter.json. ?- MappingJacksonHttpMessageConverter
2019-05-02 11:29:02 DEBUG DefaultListableBeanFactory:512 - Destroying singletons in org.springframework.beans.factory.support.DefaultListableBeanFactory@3a5ed7a6: defining beans [org.springframework.context.annotation.internalConfigurationAnnotationProcessor,org.springframework.context.annotation.internalAutowiredAnnotationProcessor,org.springframework.context.annotation.internalRequiredAnnotationProcessor,org.springframework.context.annotation.internalCommonAnnotationProcessor,org.springframework.context.annotation.internalPersistenceAnnotationProcessor,org.springframework.context.event.internalEventListenerProcessor,org.springframework.context.event.internalEventListenerFactory,org.springframework.transaction.config.internalTransactionalEventListenerFactory,org.springframework.aop.config.internalAutoProxyCreator,org.springframework.transaction.annotation.AnnotationTransactionAttributeSource#0,org.springframework.transaction.interceptor.TransactionInterceptor#0,org.springframework.transaction.config.internalTransactionAdvisor,movieRepository,userRepository,dataSource,restTemplate,org.springframework.http.converter.json.MappingJackson2HttpMessageConverter#0,sessionFactory,transactionManager]; root of factory hierarchy
2019-05-02 11:36:08 DEBUG StandardEnvironment:109 - Adding [systemProperties] PropertySource with lowest search precedence
2019-05-02 11:36:08 DEBUG StandardEnvironment:109 - Adding [systemEnvironment] PropertySource with lowest search precedence
2019-05-02 11:36:08 DEBUG StandardEnvironment:124 - Initialized StandardEnvironment with PropertySources [systemProperties,systemEnvironment]
2019-05-02 11:36:08 INFO  ClassPathXmlApplicationContext:583 - Refreshing org.springframework.context.support.ClassPathXmlApplicationContext@442d9b6e: startup date [Thu May 02 11:36:08 EDT 2019]; root of context hierarchy
2019-05-02 11:36:08 DEBUG StandardEnvironment:109 - Adding [systemProperties] PropertySource with lowest search precedence
2019-05-02 11:36:08 DEBUG StandardEnvironment:109 - Adding [systemEnvironment] PropertySource with lowest search precedence
2019-05-02 11:36:08 DEBUG StandardEnvironment:124 - Initialized StandardEnvironment with PropertySources [systemProperties,systemEnvironment]
2019-05-02 11:36:08 INFO  XmlBeanDefinitionReader:317 - Loading XML bean definitions from class path resource [applicationContext.xml]
2019-05-02 11:42:22 DEBUG StandardEnvironment:109 - Adding [systemProperties] PropertySource with lowest search precedence
2019-05-02 11:42:22 DEBUG StandardEnvironment:109 - Adding [systemEnvironment] PropertySource with lowest search precedence
2019-05-02 11:42:22 DEBUG StandardEnvironment:124 - Initialized StandardEnvironment with PropertySources [systemProperties,systemEnvironment]
2019-05-02 11:42:22 INFO  ClassPathXmlApplicationContext:583 - Refreshing org.springframework.context.support.ClassPathXmlApplicationContext@442d9b6e: startup date [Thu May 02 11:42:22 EDT 2019]; root of context hierarchy
2019-05-02 11:42:22 DEBUG StandardEnvironment:109 - Adding [systemProperties] PropertySource with lowest search precedence
2019-05-02 11:42:22 DEBUG StandardEnvironment:109 - Adding [systemEnvironment] PropertySource with lowest search precedence
2019-05-02 11:42:22 DEBUG StandardEnvironment:124 - Initialized StandardEnvironment with PropertySources [systemProperties,systemEnvironment]
2019-05-02 11:42:22 INFO  XmlBeanDefinitionReader:317 - Loading XML bean definitions from class path resource [applicationContext.xml]
